<?xml version="1.0" encoding="UTF-8"?>
<Site BuildName="Win32-mingw32-make"
	BuildStamp="20240220-1951-Experimental"
	Name="MirchiBajji"
	Generator="ctest-3.27.2-msvc1"
	CompilerName="C:/msys64/ucrt64/bin/g++.exe"
	CompilerVersion="13.1.0"
	OSName="Windows"
	Hostname="MirchiBajji"
	OSRelease=" Personal"
	OSVersion=" (Build 22621)"
	OSPlatform="x86"
	Is64Bits="1"
	VendorString="GenuineIntel"
	VendorID="Intel Corporation"
	FamilyID="6"
	ModelID="12"
	ProcessorCacheSize="-1"
	NumberOfLogicalCPU="8"
	NumberOfPhysicalCPU="4"
	TotalVirtualMemory="51042"
	TotalPhysicalMemory="16226"
	LogicalProcessorsPerPhysical="2"
	ProcessorClockFrequency="2995"
	>
	<Testing>
		<StartDateTime>Feb 20 11:51 Pacific Standard Time</StartDateTime>
		<StartTestTime>1708458715</StartTestTime>
		<TestList/>
		<EndDateTime>Feb 20 11:51 Pacific Standard Time</EndDateTime>
		<EndTestTime>1708458715</EndTestTime>
		<ElapsedMinutes>0</ElapsedMinutes>
	</Testing>
</Site>
